INFO [2021-05-09 14:20:31] [[1]]
INFO [2021-05-09 14:20:31] m
INFO [2021-05-09 14:20:31] 
INFO [2021-05-09 14:20:31] [[2]]
INFO [2021-05-09 14:20:31] NULL
INFO [2021-05-09 14:20:31] 
INFO [2021-05-09 14:20:31] $fill
INFO [2021-05-09 14:20:31] c("red", "blue")
INFO [2021-05-09 14:20:31] 
INFO [2021-05-09 14:20:31] $cat.fontface
INFO [2021-05-09 14:20:31] [1] 4
INFO [2021-05-09 14:20:31] 
INFO [2021-05-09 14:20:31] $lty
INFO [2021-05-09 14:20:31] [1] 2
INFO [2021-05-09 14:20:31] 
INFO [2021-05-09 14:20:31] $cex
INFO [2021-05-09 14:20:31] [1] 1.2
INFO [2021-05-09 14:20:31] 
INFO [2021-05-09 14:20:31] $cat.cex
INFO [2021-05-09 14:20:31] [1] 1.2
INFO [2021-05-09 14:20:31] 
