INFO [2021-05-18 08:35:56] [[1]]
INFO [2021-05-18 08:35:56] m
INFO [2021-05-18 08:35:56] 
INFO [2021-05-18 08:35:56] [[2]]
INFO [2021-05-18 08:35:56] NULL
INFO [2021-05-18 08:35:56] 
INFO [2021-05-18 08:35:56] $fill
INFO [2021-05-18 08:35:56] c("red", "blue")
INFO [2021-05-18 08:35:56] 
INFO [2021-05-18 08:35:56] $cat.fontface
INFO [2021-05-18 08:35:56] [1] 4
INFO [2021-05-18 08:35:56] 
INFO [2021-05-18 08:35:56] $lty
INFO [2021-05-18 08:35:56] [1] 2
INFO [2021-05-18 08:35:56] 
INFO [2021-05-18 08:35:56] $cex
INFO [2021-05-18 08:35:56] [1] 1.2
INFO [2021-05-18 08:35:56] 
INFO [2021-05-18 08:35:56] $cat.cex
INFO [2021-05-18 08:35:56] [1] 1.2
INFO [2021-05-18 08:35:56] 
