INFO [2021-05-21 12:57:41] [[1]]
INFO [2021-05-21 12:57:41] m
INFO [2021-05-21 12:57:41] 
INFO [2021-05-21 12:57:41] [[2]]
INFO [2021-05-21 12:57:41] NULL
INFO [2021-05-21 12:57:41] 
INFO [2021-05-21 12:57:41] $fill
INFO [2021-05-21 12:57:41] c("red", "blue")
INFO [2021-05-21 12:57:41] 
INFO [2021-05-21 12:57:41] $cat.fontface
INFO [2021-05-21 12:57:41] [1] 4
INFO [2021-05-21 12:57:41] 
INFO [2021-05-21 12:57:41] $lty
INFO [2021-05-21 12:57:41] [1] 2
INFO [2021-05-21 12:57:41] 
INFO [2021-05-21 12:57:41] $cex
INFO [2021-05-21 12:57:41] [1] 1.2
INFO [2021-05-21 12:57:41] 
INFO [2021-05-21 12:57:41] $cat.cex
INFO [2021-05-21 12:57:41] [1] 1.2
INFO [2021-05-21 12:57:41] 
