INFO [2021-05-11 07:44:04] [[1]]
INFO [2021-05-11 07:44:04] m
INFO [2021-05-11 07:44:04] 
INFO [2021-05-11 07:44:04] [[2]]
INFO [2021-05-11 07:44:04] NULL
INFO [2021-05-11 07:44:04] 
INFO [2021-05-11 07:44:04] $fill
INFO [2021-05-11 07:44:04] c("red", "blue")
INFO [2021-05-11 07:44:04] 
INFO [2021-05-11 07:44:04] $cat.fontface
INFO [2021-05-11 07:44:04] [1] 4
INFO [2021-05-11 07:44:04] 
INFO [2021-05-11 07:44:04] $lty
INFO [2021-05-11 07:44:04] [1] 2
INFO [2021-05-11 07:44:04] 
INFO [2021-05-11 07:44:04] $cex
INFO [2021-05-11 07:44:04] [1] 1.2
INFO [2021-05-11 07:44:04] 
INFO [2021-05-11 07:44:04] $cat.cex
INFO [2021-05-11 07:44:04] [1] 1.2
INFO [2021-05-11 07:44:04] 
