INFO [2021-05-17 19:11:59] [[1]]
INFO [2021-05-17 19:11:59] m
INFO [2021-05-17 19:11:59] 
INFO [2021-05-17 19:11:59] [[2]]
INFO [2021-05-17 19:11:59] NULL
INFO [2021-05-17 19:11:59] 
INFO [2021-05-17 19:11:59] $fill
INFO [2021-05-17 19:11:59] c("red", "blue")
INFO [2021-05-17 19:11:59] 
INFO [2021-05-17 19:11:59] $cat.fontface
INFO [2021-05-17 19:11:59] [1] 4
INFO [2021-05-17 19:11:59] 
INFO [2021-05-17 19:11:59] $lty
INFO [2021-05-17 19:11:59] [1] 2
INFO [2021-05-17 19:11:59] 
INFO [2021-05-17 19:11:59] $cex
INFO [2021-05-17 19:11:59] [1] 1.2
INFO [2021-05-17 19:11:59] 
INFO [2021-05-17 19:11:59] $cat.cex
INFO [2021-05-17 19:11:59] [1] 1.2
INFO [2021-05-17 19:11:59] 
