INFO [2021-05-11 07:39:36] [[1]]
INFO [2021-05-11 07:39:36] m
INFO [2021-05-11 07:39:36] 
INFO [2021-05-11 07:39:36] [[2]]
INFO [2021-05-11 07:39:36] NULL
INFO [2021-05-11 07:39:36] 
INFO [2021-05-11 07:39:36] $fill
INFO [2021-05-11 07:39:36] c("red", "blue")
INFO [2021-05-11 07:39:36] 
INFO [2021-05-11 07:39:36] $cat.fontface
INFO [2021-05-11 07:39:36] [1] 4
INFO [2021-05-11 07:39:36] 
INFO [2021-05-11 07:39:36] $lty
INFO [2021-05-11 07:39:36] [1] 2
INFO [2021-05-11 07:39:36] 
INFO [2021-05-11 07:39:36] $cex
INFO [2021-05-11 07:39:36] [1] 1.2
INFO [2021-05-11 07:39:36] 
INFO [2021-05-11 07:39:36] $cat.cex
INFO [2021-05-11 07:39:36] [1] 1.2
INFO [2021-05-11 07:39:36] 
