INFO [2021-05-17 09:56:49] [[1]]
INFO [2021-05-17 09:56:49] m
INFO [2021-05-17 09:56:49] 
INFO [2021-05-17 09:56:49] [[2]]
INFO [2021-05-17 09:56:49] NULL
INFO [2021-05-17 09:56:49] 
INFO [2021-05-17 09:56:49] $fill
INFO [2021-05-17 09:56:49] c("red", "blue")
INFO [2021-05-17 09:56:49] 
INFO [2021-05-17 09:56:49] $cat.fontface
INFO [2021-05-17 09:56:49] [1] 4
INFO [2021-05-17 09:56:49] 
INFO [2021-05-17 09:56:49] $lty
INFO [2021-05-17 09:56:49] [1] 2
INFO [2021-05-17 09:56:49] 
INFO [2021-05-17 09:56:49] $cex
INFO [2021-05-17 09:56:49] [1] 1.2
INFO [2021-05-17 09:56:49] 
INFO [2021-05-17 09:56:49] $cat.cex
INFO [2021-05-17 09:56:49] [1] 1.2
INFO [2021-05-17 09:56:49] 
