INFO [2021-05-17 11:49:54] [[1]]
INFO [2021-05-17 11:49:54] m
INFO [2021-05-17 11:49:54] 
INFO [2021-05-17 11:49:54] [[2]]
INFO [2021-05-17 11:49:54] NULL
INFO [2021-05-17 11:49:54] 
INFO [2021-05-17 11:49:54] $fill
INFO [2021-05-17 11:49:54] c("red", "blue")
INFO [2021-05-17 11:49:54] 
INFO [2021-05-17 11:49:54] $cat.fontface
INFO [2021-05-17 11:49:54] [1] 4
INFO [2021-05-17 11:49:54] 
INFO [2021-05-17 11:49:54] $lty
INFO [2021-05-17 11:49:54] [1] 2
INFO [2021-05-17 11:49:54] 
INFO [2021-05-17 11:49:54] $cex
INFO [2021-05-17 11:49:54] [1] 1.2
INFO [2021-05-17 11:49:54] 
INFO [2021-05-17 11:49:54] $cat.cex
INFO [2021-05-17 11:49:54] [1] 1.2
INFO [2021-05-17 11:49:54] 
