INFO [2021-05-22 09:49:44] [[1]]
INFO [2021-05-22 09:49:44] m
INFO [2021-05-22 09:49:44] 
INFO [2021-05-22 09:49:44] [[2]]
INFO [2021-05-22 09:49:44] NULL
INFO [2021-05-22 09:49:44] 
INFO [2021-05-22 09:49:44] $fill
INFO [2021-05-22 09:49:44] c("red", "blue")
INFO [2021-05-22 09:49:44] 
INFO [2021-05-22 09:49:44] $cat.fontface
INFO [2021-05-22 09:49:44] [1] 4
INFO [2021-05-22 09:49:44] 
INFO [2021-05-22 09:49:44] $lty
INFO [2021-05-22 09:49:44] [1] 2
INFO [2021-05-22 09:49:44] 
INFO [2021-05-22 09:49:44] $cex
INFO [2021-05-22 09:49:44] [1] 1.2
INFO [2021-05-22 09:49:44] 
INFO [2021-05-22 09:49:44] $cat.cex
INFO [2021-05-22 09:49:44] [1] 1.2
INFO [2021-05-22 09:49:44] 
