INFO [2021-05-11 08:12:29] [[1]]
INFO [2021-05-11 08:12:29] m
INFO [2021-05-11 08:12:29] 
INFO [2021-05-11 08:12:29] [[2]]
INFO [2021-05-11 08:12:29] NULL
INFO [2021-05-11 08:12:29] 
INFO [2021-05-11 08:12:29] $fill
INFO [2021-05-11 08:12:29] c("red", "blue")
INFO [2021-05-11 08:12:29] 
INFO [2021-05-11 08:12:29] $cat.fontface
INFO [2021-05-11 08:12:29] [1] 4
INFO [2021-05-11 08:12:29] 
INFO [2021-05-11 08:12:29] $lty
INFO [2021-05-11 08:12:29] [1] 2
INFO [2021-05-11 08:12:29] 
INFO [2021-05-11 08:12:29] $cex
INFO [2021-05-11 08:12:29] [1] 1.2
INFO [2021-05-11 08:12:29] 
INFO [2021-05-11 08:12:29] $cat.cex
INFO [2021-05-11 08:12:29] [1] 1.2
INFO [2021-05-11 08:12:29] 
