INFO [2021-05-17 21:33:19] [[1]]
INFO [2021-05-17 21:33:19] m
INFO [2021-05-17 21:33:19] 
INFO [2021-05-17 21:33:19] [[2]]
INFO [2021-05-17 21:33:19] NULL
INFO [2021-05-17 21:33:19] 
INFO [2021-05-17 21:33:19] $fill
INFO [2021-05-17 21:33:19] c("red", "blue")
INFO [2021-05-17 21:33:19] 
INFO [2021-05-17 21:33:19] $cat.fontface
INFO [2021-05-17 21:33:19] [1] 4
INFO [2021-05-17 21:33:19] 
INFO [2021-05-17 21:33:19] $lty
INFO [2021-05-17 21:33:19] [1] 2
INFO [2021-05-17 21:33:19] 
INFO [2021-05-17 21:33:19] $cex
INFO [2021-05-17 21:33:19] [1] 1.2
INFO [2021-05-17 21:33:19] 
INFO [2021-05-17 21:33:19] $cat.cex
INFO [2021-05-17 21:33:19] [1] 1.2
INFO [2021-05-17 21:33:19] 
